<?xml version="1.0" encoding="UTF-8"?>
<testng-results ignored="0" total="1" passed="1" failed="0" skipped="0">
  <reporter-output>
  </reporter-output>
  <suite started-at="2024-11-16T09:59:37 IST" name="Default suite" finished-at="2024-11-16T09:59:37 IST" duration-ms="63">
    <groups>
    </groups>
    <test started-at="2024-11-16T09:59:37 IST" name="Default test" finished-at="2024-11-16T09:59:37 IST" duration-ms="63">
      <class name="trial.sam">
        <test-method signature="sample()[pri:0, instance:trial.sam@61001b64]" started-at="2024-11-16T09:59:37 IST" name="sample" finished-at="2024-11-16T09:59:37 IST" duration-ms="12" status="PASS">
          <reporter-output>
          </reporter-output>
        </test-method> <!-- sample -->
      </class> <!-- trial.sam -->
    </test> <!-- Default test -->
  </suite> <!-- Default suite -->
</testng-results>
