<?xml version="1.0" encoding="UTF-8"?>
<testng-results ignored="0" total="1" passed="1" failed="0" skipped="0">
  <reporter-output>
  </reporter-output>
  <suite started-at="2024-11-16T08:51:25 IST" name="Default suite" finished-at="2024-11-16T08:51:26 IST" duration-ms="63">
    <groups>
    </groups>
    <test started-at="2024-11-16T08:51:25 IST" name="Default test" finished-at="2024-11-16T08:51:26 IST" duration-ms="63">
      <class name="gitPracticeSelenium.Practice1">
        <test-method signature="sample()[pri:0, instance:gitPracticeSelenium.Practice1@61001b64]" started-at="2024-11-16T08:51:26 IST" name="sample" finished-at="2024-11-16T08:51:26 IST" duration-ms="12" status="PASS">
          <reporter-output>
          </reporter-output>
        </test-method> <!-- sample -->
      </class> <!-- gitPracticeSelenium.Practice1 -->
    </test> <!-- Default test -->
  </suite> <!-- Default suite -->
</testng-results>
